<?xml version="1.0" encoding="UTF-8"?>
<testsuite name="PhoneBookTest" tests="1" skipped="0" failures="0" errors="0" timestamp="2023-11-22T16:46:30" hostname="DESKTOP-ER35HSA" time="81.132">
  <properties/>
  <testcase name="start" classname="PhoneBookTest" time="81.132"/>
  <system-out><![CDATA[?[1;31m
Start test 1?[0m
Start searching (linear search)...
Found 500 / 500 entries. Time taken: 0 min. 6 sec. 566 ms.

Start searching (bubble sort + jump search)...
Found 500 / 500 entries. Time taken: 1 min. 12 sec. 61 ms.
Sorting Time: 1 min. 5 sec. 675 ms. - STOPPED, moved to linear search
Searching Time: 0 min. 6 sec. 386 ms.

Start searching (quick sort + binary search)...
Found 500 / 500 entries. Time taken: 0 min. 1 sec. 255 ms.
Sorting Time: 0 min. 1 sec. 254 ms.
Searching Time: 0 min. 0 sec. 1 ms.

Start searching (hash table)...
Found 500 / 500 entries. Time taken: 0 min. 0 sec. 464 ms.
Creating time: 0 min. 0 sec. 464 ms.
Searching Time: 0 min. 0 sec. 0 ms.

]]></system-out>
  <system-err><![CDATA[]]></system-err>
</testsuite>
