<?xml version="1.0" encoding="UTF-8"?>
<testsuite name="PhoneBookTest" tests="1" skipped="0" failures="0" errors="0" timestamp="2023-11-16T15:29:42" hostname="DESKTOP-ER35HSA" time="56.985">
  <properties/>
  <testcase name="start" classname="PhoneBookTest" time="56.985"/>
  <system-out><![CDATA[?[1;31m
Start test 1?[0m
Start searching (linear search)...
Found 500 / 500 entries. Time taken: 0 min. 4 sec. 649 ms.

Start searching (bubble sort + jump search)...
Found 500 / 500 entries. Time taken: 0 min. 51 sec. 692 ms.
Sorting Time: 0 min. 46 sec. 504 ms. - STOPPED, moved to linear search
Searching Time: 0 min. 5 sec. 188 ms.

]]></system-out>
  <system-err><![CDATA[]]></system-err>
</testsuite>
